<?xml version="1.0" encoding="UTF-8"?>
<!-- Generated by org.testng.reporters.JUnitXMLReporter -->
<testsuite ignored="3" hostname="DESKTOP-57NTRD2" failures="0" tests="0" time="0.748" errors="0" timestamp="2023-02-03T13:09:27 IST">
  <testcase classname="testCases.TC_002_LoginTest" name="test_login" time="0.0">
    <ignored/>
  </testcase> <!-- test_login -->
  <testcase classname="testCases.TC_001_AccountRegistrationTest" name="test_Account_Registration" time="0.0">
    <ignored/>
  </testcase> <!-- test_Account_Registration -->
  <testcase classname="testCases.TC_003_LoginDDT" name="test_loginDDT" time="0.0">
    <ignored/>
  </testcase> <!-- test_loginDDT -->
</testsuite>
